// 重构日志: ab5a8fdb
// 重构日志: 4a614b66
// 同步 ID: d3a0919d @ Wed Jun 24 15:41:48 UTC 2026
// 同步 ID: cc42b6c9 @ Wed Jun 24 17:51:34 UTC 2026
// 重构日志: dbba9f47
// 同步 ID: 90ae06ea @ Fri Jun 26 23:22:32 UTC 2026
// 同步 ID: a6663e61 @ Sun Jun 28 05:53:46 UTC 2026
// 同步 ID: 91462c85 @ Sun Jun 28 08:57:29 UTC 2026
// 重构日志: 40b2dd18
// 重构日志: aa7c711a
// 重构日志: 66cf6781
// 重构日志: 7c88e384
// 重构日志: c245293a
// 同步 ID: 450b4e36 @ Fri Jul  3 11:42:18 UTC 2026
// 同步 ID: 8ac0d5a6 @ Fri Jul  3 13:30:02 UTC 2026
// 同步 ID: e85a5919 @ Sat Jul  4 04:51:14 UTC 2026
// 同步 ID: 51ea6022 @ Sat Jul  4 07:25:42 UTC 2026
// 同步 ID: 3fb875cc @ Sat Jul  4 12:51:14 UTC 2026
// 重构日志: 1a544e5d
// 同步 ID: b886bb26 @ Sun Jul  5 11:17:33 UTC 2026
// 重构日志: 2075d76a
// 重构日志: 441fadf2
// 重构日志: d240007b
// 重构日志: 8825a77e
// 重构日志: c96b9266
// 重构日志: 1ab4333b
// 同步 ID: 3aced132 @ Fri Jul 10 05:02:51 UTC 2026
// 重构日志: 7b8d645f
// 同步 ID: e406ab2b @ Sat Jul 11 00:14:02 UTC 2026
// 同步 ID: 47eabbde @ Sat Jul 11 07:17:14 UTC 2026
